{"/Users/zuo/wangzuo/react-normalize/src/normalize.js": {"path":"/Users/zuo/wangzuo/react-normalize/src/normalize.js","statementMap":{"0":{"start":{"line":4,"column":15},"end":{"line":7,"column":1}},"1":{"start":{"line":9,"column":18},"end":{"line":9,"column":50}},"2":{"start":{"line":9,"column":24},"end":{"line":9,"column":50}}},"fnMap":{"0":{"name":"(anonymous_0)","decl":{"start":{"line":9,"column":18},"end":{"line":9,"column":19}},"loc":{"start":{"line":9,"column":24},"end":{"line":9,"column":50}},"line":9}},"branchMap":{},"s":{"0":1,"1":1,"2":1},"f":{"0":1},"b":{},"_coverageSchema":"332fd63041d2c1bcb487cc26dd0d5f7d97098a6c","hash":"572d254333089866a5919620a8b2f7e4c81b5684"}
}
